[33;1m[warn][0m Skipping '000 Collection/'
[33;1m[warn][0m Skipping '000 New/'
[33;1m[warn][0m Skipping '000 Print/'
[33;1m[warn][0m Failed to get new name for '003 Me/'
[33;1m[warn][0m Ordering violation: #15, #16 / 20120630, 20120621
[33;1m[warn][0m Ordering violation: #18, #19 / 20120722, 20111125
[33;1m[warn][0m Failed to get new name for '022 Jc drunk/'
[33;1m[warn][0m Ordering violation: #38, #39 / 20121103, 20121030
[33;1m[warn][0m Ordering violation: #52, #53 / 20121226, 20121225
[33;1m[warn][0m Failed to get new name for '073 Testing HD nightvision video/'
[33;1m[warn][0m Failed to get new name for '079 Wine/'
[33;1m[warn][0m Ordering violation: #88, #89 / 20131110, 20121015
[33;1m[warn][0m Ordering violation: #97, #100 / 20140110, 20131110
[33;1m[warn][0m Ordering violation: #125, #125 / 20140523, 20140517
[33;1m[warn][0m Ordering violation: #125, #125 / 20140517, 20140623
[33;1m[warn][0m Ordering violation: #125, #126 / 20140623, 20140618
[33;1m[warn][0m Ordering violation: #142, #143 / 20140718, 20140717
[33;1m[warn][0m Ordering violation: #148, #150 / 20140726, 20140724
[33;1m[warn][0m Ordering violation: #171, #172 / 20140804, 20140802
[33;1m[warn][0m Ordering violation: #213, #214 / 20150728, 20150425
[33;1m[warn][0m Ordering violation: #242, #243 / 20160215, 20160213
